<?xml version="1.0" encoding="UTF-8"?>
<testng-results ignored="0" total="7" passed="6" failed="1" skipped="0">
  <reporter-output>
  </reporter-output>
  <suite started-at="2023-08-02T07:16:33 EDT" name="Suite" finished-at="2023-08-02T07:17:50 EDT" duration-ms="77288">
    <groups>
    </groups>
    <test started-at="2023-08-02T07:16:33 EDT" name="Test" finished-at="2023-08-02T07:17:50 EDT" duration-ms="77288">
      <class name="com.example.webdriverTests.ResumeAcceptanceTests">
        <test-method is-config="true" signature="setUp()[pri:0, instance:com.example.webdriverTests.ResumeAcceptanceTests@3624da92]" started-at="2023-08-02T07:16:33 EDT" name="setUp" finished-at="2023-08-02T07:16:33 EDT" duration-ms="37" status="PASS">
          <reporter-output>
          </reporter-output>
        </test-method> <!-- setUp -->
        <test-method is-config="true" signature="setUpBrowser()[pri:0, instance:com.example.webdriverTests.ResumeAcceptanceTests@3624da92]" started-at="2023-08-02T07:16:33 EDT" name="setUpBrowser" finished-at="2023-08-02T07:16:36 EDT" duration-ms="3078" status="PASS">
          <reporter-output>
          </reporter-output>
        </test-method> <!-- setUpBrowser -->
        <test-method signature="testDownloadResume()[pri:0, instance:com.example.webdriverTests.ResumeAcceptanceTests@3624da92]" started-at="2023-08-02T07:16:36 EDT" name="testDownloadResume" finished-at="2023-08-02T07:16:39 EDT" duration-ms="3458" status="PASS">
          <reporter-output>
          </reporter-output>
        </test-method> <!-- testDownloadResume -->
        <test-method is-config="true" signature="tearDown()[pri:0, instance:com.example.webdriverTests.ResumeAcceptanceTests@3624da92]" started-at="2023-08-02T07:16:39 EDT" name="tearDown" finished-at="2023-08-02T07:16:40 EDT" duration-ms="278" status="PASS">
          <reporter-output>
          </reporter-output>
        </test-method> <!-- tearDown -->
        <test-method is-config="true" signature="setUpBrowser()[pri:0, instance:com.example.webdriverTests.ResumeAcceptanceTests@3624da92]" started-at="2023-08-02T07:16:40 EDT" name="setUpBrowser" finished-at="2023-08-02T07:16:42 EDT" duration-ms="1898" status="PASS">
          <reporter-output>
          </reporter-output>
        </test-method> <!-- setUpBrowser -->
        <test-method signature="testRedirectToCompanyLink()[pri:0, instance:com.example.webdriverTests.ResumeAcceptanceTests@3624da92]" started-at="2023-08-02T07:16:42 EDT" name="testRedirectToCompanyLink" finished-at="2023-08-02T07:17:01 EDT" duration-ms="19127" status="PASS">
          <reporter-output>
          </reporter-output>
        </test-method> <!-- testRedirectToCompanyLink -->
        <test-method is-config="true" signature="tearDown()[pri:0, instance:com.example.webdriverTests.ResumeAcceptanceTests@3624da92]" started-at="2023-08-02T07:17:01 EDT" name="tearDown" finished-at="2023-08-02T07:17:01 EDT" duration-ms="269" status="PASS">
          <reporter-output>
          </reporter-output>
        </test-method> <!-- tearDown -->
        <test-method is-config="true" signature="setUpBrowser()[pri:0, instance:com.example.webdriverTests.ResumeAcceptanceTests@3624da92]" started-at="2023-08-02T07:17:01 EDT" name="setUpBrowser" finished-at="2023-08-02T07:17:03 EDT" duration-ms="1936" status="PASS">
          <reporter-output>
          </reporter-output>
        </test-method> <!-- setUpBrowser -->
        <test-method signature="testRedirectToLinkedIn()[pri:0, instance:com.example.webdriverTests.ResumeAcceptanceTests@3624da92]" started-at="2023-08-02T07:17:03 EDT" name="testRedirectToLinkedIn" finished-at="2023-08-02T07:17:06 EDT" duration-ms="2677" status="FAIL">
          <exception class="java.lang.AssertionError">
            <message>
              <![CDATA[Link URL does not match the lINKEDIN URL.Redirect to Linkedin was not successful expected [true] but found [false]]]>
            </message>
            <full-stacktrace>
              <![CDATA[java.lang.AssertionError: Link URL does not match the lINKEDIN URL.Redirect to Linkedin was not successful expected [true] but found [false]
at org.testng.Assert.fail(Assert.java:110)
at org.testng.Assert.failNotEquals(Assert.java:1577)
at org.testng.Assert.assertTrue(Assert.java:56)
at com.example.pageObjects.ResumeTestPageObjects.testRedirectToLinkedIn(ResumeTestPageObjects.java:405)
at com.example.pageObjects.ResumeTestPageObjects.testLinkedInRedirect(ResumeTestPageObjects.java:389)
at com.example.webdriverTests.ResumeAcceptanceTests.testRedirectToLinkedIn(ResumeAcceptanceTests.java:96)
at java.base/jdk.internal.reflect.NativeMethodAccessorImpl.invoke0(Native Method)
at java.base/jdk.internal.reflect.NativeMethodAccessorImpl.invoke(NativeMethodAccessorImpl.java:62)
at java.base/jdk.internal.reflect.DelegatingMethodAccessorImpl.invoke(DelegatingMethodAccessorImpl.java:43)
at java.base/java.lang.reflect.Method.invoke(Method.java:566)
at org.testng.internal.invokers.MethodInvocationHelper.invokeMethod(MethodInvocationHelper.java:139)
at org.testng.internal.invokers.TestInvoker.invokeMethod(TestInvoker.java:677)
at org.testng.internal.invokers.TestInvoker.invokeTestMethod(TestInvoker.java:221)
at org.testng.internal.invokers.MethodRunner.runInSequence(MethodRunner.java:50)
at org.testng.internal.invokers.TestInvoker$MethodInvocationAgent.invoke(TestInvoker.java:969)
at org.testng.internal.invokers.TestInvoker.invokeTestMethods(TestInvoker.java:194)
at org.testng.internal.invokers.TestMethodWorker.invokeTestMethods(TestMethodWorker.java:148)
at org.testng.internal.invokers.TestMethodWorker.run(TestMethodWorker.java:128)
at java.base/java.util.ArrayList.forEach(ArrayList.java:1541)
at org.testng.TestRunner.privateRun(TestRunner.java:829)
at org.testng.TestRunner.run(TestRunner.java:602)
at org.testng.SuiteRunner.runTest(SuiteRunner.java:437)
at org.testng.SuiteRunner.runSequentially(SuiteRunner.java:431)
at org.testng.SuiteRunner.privateRun(SuiteRunner.java:391)
at org.testng.SuiteRunner.run(SuiteRunner.java:330)
at org.testng.SuiteRunnerWorker.runSuite(SuiteRunnerWorker.java:52)
at org.testng.SuiteRunnerWorker.run(SuiteRunnerWorker.java:95)
at org.testng.TestNG.runSuitesSequentially(TestNG.java:1256)
at org.testng.TestNG.runSuitesLocally(TestNG.java:1176)
at org.testng.TestNG.runSuites(TestNG.java:1099)
at org.testng.TestNG.run(TestNG.java:1067)
at org.testng.remote.AbstractRemoteTestNG.run(AbstractRemoteTestNG.java:115)
at org.testng.remote.RemoteTestNG.initAndRun(RemoteTestNG.java:251)
at org.testng.remote.RemoteTestNG.main(RemoteTestNG.java:77)
]]>
            </full-stacktrace>
          </exception> <!-- java.lang.AssertionError -->
          <reporter-output>
          </reporter-output>
        </test-method> <!-- testRedirectToLinkedIn -->
        <test-method is-config="true" signature="tearDown()[pri:0, instance:com.example.webdriverTests.ResumeAcceptanceTests@3624da92]" started-at="2023-08-02T07:17:06 EDT" name="tearDown" finished-at="2023-08-02T07:17:06 EDT" duration-ms="201" status="PASS">
          <reporter-output>
          </reporter-output>
        </test-method> <!-- tearDown -->
        <test-method is-config="true" signature="setUpBrowser()[pri:0, instance:com.example.webdriverTests.ResumeAcceptanceTests@3624da92]" started-at="2023-08-02T07:17:06 EDT" name="setUpBrowser" finished-at="2023-08-02T07:17:09 EDT" duration-ms="3474" status="PASS">
          <reporter-output>
          </reporter-output>
        </test-method> <!-- setUpBrowser -->
        <test-method signature="testScrollToTheTop()[pri:0, instance:com.example.webdriverTests.ResumeAcceptanceTests@3624da92]" started-at="2023-08-02T07:17:09 EDT" name="testScrollToTheTop" finished-at="2023-08-02T07:17:13 EDT" duration-ms="3234" status="PASS">
          <reporter-output>
          </reporter-output>
        </test-method> <!-- testScrollToTheTop -->
        <test-method is-config="true" signature="tearDown()[pri:0, instance:com.example.webdriverTests.ResumeAcceptanceTests@3624da92]" started-at="2023-08-02T07:17:13 EDT" name="tearDown" finished-at="2023-08-02T07:17:13 EDT" duration-ms="149" status="PASS">
          <reporter-output>
          </reporter-output>
        </test-method> <!-- tearDown -->
        <test-method is-config="true" signature="setUpBrowser()[pri:0, instance:com.example.webdriverTests.ResumeAcceptanceTests@3624da92]" started-at="2023-08-02T07:17:13 EDT" name="setUpBrowser" finished-at="2023-08-02T07:17:16 EDT" duration-ms="3139" status="PASS">
          <reporter-output>
          </reporter-output>
        </test-method> <!-- setUpBrowser -->
        <test-method signature="testSkillsTab()[pri:0, instance:com.example.webdriverTests.ResumeAcceptanceTests@3624da92]" started-at="2023-08-02T07:17:16 EDT" name="testSkillsTab" finished-at="2023-08-02T07:17:17 EDT" duration-ms="812" status="PASS">
          <reporter-output>
          </reporter-output>
        </test-method> <!-- testSkillsTab -->
        <test-method is-config="true" signature="tearDown()[pri:0, instance:com.example.webdriverTests.ResumeAcceptanceTests@3624da92]" started-at="2023-08-02T07:17:17 EDT" name="tearDown" finished-at="2023-08-02T07:17:17 EDT" duration-ms="139" status="PASS">
          <reporter-output>
          </reporter-output>
        </test-method> <!-- tearDown -->
        <test-method is-config="true" signature="setUpBrowser()[pri:0, instance:com.example.webdriverTests.ResumeAcceptanceTests@3624da92]" started-at="2023-08-02T07:17:17 EDT" name="setUpBrowser" finished-at="2023-08-02T07:17:19 EDT" duration-ms="1805" status="PASS">
          <reporter-output>
          </reporter-output>
        </test-method> <!-- setUpBrowser -->
        <test-method signature="testSubmitContactInformation()[pri:0, instance:com.example.webdriverTests.ResumeAcceptanceTests@3624da92]" started-at="2023-08-02T07:17:19 EDT" name="testSubmitContactInformation" finished-at="2023-08-02T07:17:44 EDT" duration-ms="25139" status="PASS">
          <reporter-output>
          </reporter-output>
        </test-method> <!-- testSubmitContactInformation -->
        <test-method is-config="true" signature="tearDown()[pri:0, instance:com.example.webdriverTests.ResumeAcceptanceTests@3624da92]" started-at="2023-08-02T07:17:44 EDT" name="tearDown" finished-at="2023-08-02T07:17:44 EDT" duration-ms="182" status="PASS">
          <reporter-output>
          </reporter-output>
        </test-method> <!-- tearDown -->
        <test-method is-config="true" signature="setUpBrowser()[pri:0, instance:com.example.webdriverTests.ResumeAcceptanceTests@3624da92]" started-at="2023-08-02T07:17:44 EDT" name="setUpBrowser" finished-at="2023-08-02T07:17:46 EDT" duration-ms="1749" status="PASS">
          <reporter-output>
          </reporter-output>
        </test-method> <!-- setUpBrowser -->
        <test-method signature="testSubmitMesasge()[pri:0, instance:com.example.webdriverTests.ResumeAcceptanceTests@3624da92]" started-at="2023-08-02T07:17:46 EDT" name="testSubmitMesasge" finished-at="2023-08-02T07:17:50 EDT" duration-ms="4267" status="PASS">
          <reporter-output>
          </reporter-output>
        </test-method> <!-- testSubmitMesasge -->
        <test-method is-config="true" signature="tearDown()[pri:0, instance:com.example.webdriverTests.ResumeAcceptanceTests@3624da92]" started-at="2023-08-02T07:17:50 EDT" name="tearDown" finished-at="2023-08-02T07:17:50 EDT" duration-ms="215" status="PASS">
          <reporter-output>
          </reporter-output>
        </test-method> <!-- tearDown -->
      </class> <!-- com.example.webdriverTests.ResumeAcceptanceTests -->
    </test> <!-- Test -->
  </suite> <!-- Suite -->
</testng-results>
