<?xml version="1.0" encoding="UTF-8"?>
<!-- Generated by org.testng.reporters.JUnitReportReporter -->
<testsuite hostname="Jane_R" failures="1" tests="7" name="com.example.webdriverTests.ResumeAcceptanceTests" time="77.226" errors="0" timestamp="2023-08-02T07:17:50 EDT" skipped="0">
  <testcase classname="com.example.webdriverTests.ResumeAcceptanceTests" name="testSubmitMesasge" time="6.341"/>
  <system-out/>
  <testcase classname="com.example.webdriverTests.ResumeAcceptanceTests" name="testRedirectToCompanyLink" time="22.387"/>
  <system-out/>
  <testcase classname="com.example.webdriverTests.ResumeAcceptanceTests" name="testSkillsTab" time="4.435"/>
  <system-out/>
  <testcase classname="com.example.webdriverTests.ResumeAcceptanceTests" name="testRedirectToLinkedIn" time="4.704">
    <failure message="Link URL does not match the lINKEDIN URL.Redirect to Linkedin was not successful expected [true] but found [false]" type="java.lang.AssertionError">
      <![CDATA[java.lang.AssertionError: Link URL does not match the lINKEDIN URL.Redirect to Linkedin was not successful expected [true] but found [false]
at org.testng.Assert.fail(Assert.java:110)
at org.testng.Assert.failNotEquals(Assert.java:1577)
at org.testng.Assert.assertTrue(Assert.java:56)
at com.example.pageObjects.ResumeTestPageObjects.testRedirectToLinkedIn(ResumeTestPageObjects.java:405)
at com.example.pageObjects.ResumeTestPageObjects.testLinkedInRedirect(ResumeTestPageObjects.java:389)
at com.example.webdriverTests.ResumeAcceptanceTests.testRedirectToLinkedIn(ResumeAcceptanceTests.java:96)
at java.base/jdk.internal.reflect.NativeMethodAccessorImpl.invoke0(Native Method)
at java.base/jdk.internal.reflect.NativeMethodAccessorImpl.invoke(NativeMethodAccessorImpl.java:62)
at java.base/jdk.internal.reflect.DelegatingMethodAccessorImpl.invoke(DelegatingMethodAccessorImpl.java:43)
at java.base/java.lang.reflect.Method.invoke(Method.java:566)
at org.testng.internal.invokers.MethodInvocationHelper.invokeMethod(MethodInvocationHelper.java:139)
at org.testng.internal.invokers.TestInvoker.invokeMethod(TestInvoker.java:677)
at org.testng.internal.invokers.TestInvoker.invokeTestMethod(TestInvoker.java:221)
at org.testng.internal.invokers.MethodRunner.runInSequence(MethodRunner.java:50)
at org.testng.internal.invokers.TestInvoker$MethodInvocationAgent.invoke(TestInvoker.java:969)
at org.testng.internal.invokers.TestInvoker.invokeTestMethods(TestInvoker.java:194)
at org.testng.internal.invokers.TestMethodWorker.invokeTestMethods(TestMethodWorker.java:148)
at org.testng.internal.invokers.TestMethodWorker.run(TestMethodWorker.java:128)
at java.base/java.util.ArrayList.forEach(ArrayList.java:1541)
at org.testng.TestRunner.privateRun(TestRunner.java:829)
at org.testng.TestRunner.run(TestRunner.java:602)
at org.testng.SuiteRunner.runTest(SuiteRunner.java:437)
at org.testng.SuiteRunner.runSequentially(SuiteRunner.java:431)
at org.testng.SuiteRunner.privateRun(SuiteRunner.java:391)
at org.testng.SuiteRunner.run(SuiteRunner.java:330)
at org.testng.SuiteRunnerWorker.runSuite(SuiteRunnerWorker.java:52)
at org.testng.SuiteRunnerWorker.run(SuiteRunnerWorker.java:95)
at org.testng.TestNG.runSuitesSequentially(TestNG.java:1256)
at org.testng.TestNG.runSuitesLocally(TestNG.java:1176)
at org.testng.TestNG.runSuites(TestNG.java:1099)
at org.testng.TestNG.run(TestNG.java:1067)
at org.testng.remote.AbstractRemoteTestNG.run(AbstractRemoteTestNG.java:115)
at org.testng.remote.RemoteTestNG.initAndRun(RemoteTestNG.java:251)
at org.testng.remote.RemoteTestNG.main(RemoteTestNG.java:77)
]]>
    </failure>
  </testcase> <!-- testRedirectToLinkedIn -->
  <system-out/>
  <testcase classname="com.example.webdriverTests.ResumeAcceptanceTests" name="testScrollToTheTop" time="5.347"/>
  <system-out/>
  <testcase classname="com.example.webdriverTests.ResumeAcceptanceTests" name="testDownloadResume" time="6.736"/>
  <system-out/>
  <testcase classname="com.example.webdriverTests.ResumeAcceptanceTests" name="testSubmitContactInformation" time="27.276"/>
  <system-out/>
</testsuite> <!-- com.example.webdriverTests.ResumeAcceptanceTests -->
